\BOOKMARK [0][-]{label:frontpage.0}{\376\377\000F\000r\000o\000n\000t\000\040\000p\000a\000g\000e}{}% 1
\BOOKMARK [0][-]{label:titlepage_da.0}{\376\377\000D\000a\000n\000i\000s\000h\000\040\000t\000i\000t\000l\000e\000\040\000p\000a\000g\000e}{}% 2
\BOOKMARK [0][-]{label:contents.0}{\376\377\000C\000o\000n\000t\000e\000n\000t\000s}{}% 3
\BOOKMARK [0][-]{chapter*.3}{\376\377\000P\000r\000e\000f\000a\000c\000e}{}% 4
\BOOKMARK [0][-]{chapter.1}{\376\377\0001\000\040\000I\000n\000t\000r\000o\000d\000u\000c\000t\000i\000o\000n}{}% 5
\BOOKMARK [1][-]{section.1.1}{\376\377\0001\000.\0001\000\040\000E\000x\000a\000m\000p\000l\000e\000s}{chapter.1}% 6
\BOOKMARK [1][-]{section.1.2}{\376\377\0001\000.\0002\000\040\000H\000o\000w\000\040\000D\000o\000e\000s\000\040\000S\000e\000c\000t\000i\000o\000n\000s\000,\000\040\000S\000u\000b\000s\000e\000c\000t\000i\000o\000n\000s\000,\000\040\000a\000n\000d\000\040\000S\000u\000b\000s\000e\000c\000t\000i\000o\000n\000s\000\040\000L\000o\000o\000k\000?}{chapter.1}% 7
\BOOKMARK [2][-]{subsection.1.2.1}{\376\377\0001\000.\0002\000.\0001\000\040\000T\000h\000i\000s\000\040\000i\000s\000\040\000a\000\040\000S\000u\000b\000s\000e\000c\000t\000i\000o\000n}{section.1.2}% 8
\BOOKMARK [0][-]{chapter.2}{\376\377\0002\000\040\000P\000r\000o\000b\000l\000e\000m\000a\000n\000a\000l\000y\000s\000e}{}% 9
\BOOKMARK [1][-]{section.2.1}{\376\377\0002\000.\0001\000\040\000T\000e\000o\000r\000i\000:\000\040\000S\000t\000a\000t\000i\000s\000t\000i\000k}{chapter.2}% 10
\BOOKMARK [2][-]{subsection.2.1.1}{\376\377\0002\000.\0001\000.\0001\000\040\000P\000o\000p\000u\000l\000a\000t\000i\000o\000n\000\040\000o\000g\000\040\000s\000t\000i\000k\000p\000r\000\370\000v\000e}{section.2.1}% 11
\BOOKMARK [2][-]{subsection.2.1.2}{\376\377\0002\000.\0001\000.\0002\000\040\000M\000i\000d\000d\000e\000l\000v\000\346\000r\000d\000i}{section.2.1}% 12
\BOOKMARK [2][-]{subsection.2.1.3}{\376\377\0002\000.\0001\000.\0003\000\040\000V\000a\000r\000i\000a\000n\000s}{section.2.1}% 13
\BOOKMARK [2][-]{subsection.2.1.4}{\376\377\0002\000.\0001\000.\0004\000\040\000S\000t\000a\000n\000d\000a\000r\000d\000a\000f\000v\000i\000g\000e\000l\000s\000e}{section.2.1}% 14
\BOOKMARK [2][-]{subsection.2.1.5}{\376\377\0002\000.\0001\000.\0005\000\040\000F\000o\000r\000d\000e\000l\000i\000n\000g\000s\000t\000e\000o\000r\000i}{section.2.1}% 15
\BOOKMARK [2][-]{subsection.2.1.6}{\376\377\0002\000.\0001\000.\0006\000\040\000E\000s\000t\000i\000m\000a\000t\000i\000o\000n\000s\000t\000e\000o\000r\000i}{section.2.1}% 16
\BOOKMARK [1][-]{section.2.2}{\376\377\0002\000.\0002\000\040\000T\000e\000o\000r\000i\000:\000\040\000P\000R\000N\000G}{chapter.2}% 17
\BOOKMARK [2][-]{subsection.2.2.1}{\376\377\0002\000.\0002\000.\0001\000\040\000F\000o\000r\000d\000e\000l\000i\000n\000g\000s\000\040\000T\000e\000s\000t\000\040\000\050\0002\000\051}{section.2.2}% 18
\BOOKMARK [2][-]{subsection.2.2.2}{\376\377\0002\000.\0002\000.\0002\000\040\000S\000p\000e\000k\000t\000r\000a\000l\000\040\000T\000e\000s\000t}{section.2.2}% 19
\BOOKMARK [2][-]{subsection.2.2.3}{\376\377\0002\000.\0002\000.\0003\000\040\000L\000C\000G}{section.2.2}% 20
\BOOKMARK [2][-]{subsection.2.2.4}{\376\377\0002\000.\0002\000.\0004\000\040\000R\000'\000s\000\040\000P\000s\000e\000u\000d\000o\000-\000R\000a\000n\000d\000o\000m\000\040\000N\000u\000m\000b\000e\000r\000\040\000G\000e\000n\000e\000r\000a\000t\000o\000r}{section.2.2}% 21
\BOOKMARK [0][-]{chapter.3}{\376\377\0003\000\040\000C\000h\000a\000p\000t\000e\000r\000\040\0002\000\040\000n\000a\000m\000e}{}% 22
\BOOKMARK [0][-]{chapter.4}{\376\377\0004\000\040\000C\000o\000n\000c\000l\000u\000s\000i\000o\000n}{}% 23
\BOOKMARK [0][-]{chapter*.19}{\376\377\000B\000i\000b\000l\000i\000o\000g\000r\000a\000p\000h\000y}{}% 24
\BOOKMARK [0][-]{appendix.A}{\376\377\000A\000\040\000A\000p\000p\000e\000n\000d\000i\000x\000\040\000A\000\040\000n\000a\000m\000e}{}% 25
